CRITICAL - 2022-04-22 01:42:42 --> Call to a member function result() on null
#0 C:\xampp\htdocs\gmaps\system\View\View.php(210): include()
#1 C:\xampp\htdocs\gmaps\system\View\View.php(213): CodeIgniter\View\View->CodeIgniter\View\{closure}()
#2 C:\xampp\htdocs\gmaps\system\Common.php(1089): CodeIgniter\View\View->render('map/leaflet', Array, true)
#3 C:\xampp\htdocs\gmaps\app\Controllers\Maps.php(18): view('map/leaflet', Array)
#4 C:\xampp\htdocs\gmaps\system\CodeIgniter.php(832): App\Controllers\Maps->leaflet()
#5 C:\xampp\htdocs\gmaps\system\CodeIgniter.php(419): CodeIgniter\CodeIgniter->runController(Object(App\Controllers\Maps))
#6 C:\xampp\htdocs\gmaps\system\CodeIgniter.php(326): CodeIgniter\CodeIgniter->handleRequest(NULL, Object(Config\Cache), false)
#7 C:\xampp\htdocs\gmaps\public\index.php(37): CodeIgniter\CodeIgniter->run()
#8 {main}
CRITICAL - 2022-04-22 01:42:52 --> Call to a member function result() on null
#0 C:\xampp\htdocs\gmaps\system\View\View.php(210): include()
#1 C:\xampp\htdocs\gmaps\system\View\View.php(213): CodeIgniter\View\View->CodeIgniter\View\{closure}()
#2 C:\xampp\htdocs\gmaps\system\Common.php(1089): CodeIgniter\View\View->render('map/leaflet', Array, true)
#3 C:\xampp\htdocs\gmaps\app\Controllers\Maps.php(18): view('map/leaflet', Array)
#4 C:\xampp\htdocs\gmaps\system\CodeIgniter.php(832): App\Controllers\Maps->leaflet()
#5 C:\xampp\htdocs\gmaps\system\CodeIgniter.php(419): CodeIgniter\CodeIgniter->runController(Object(App\Controllers\Maps))
#6 C:\xampp\htdocs\gmaps\system\CodeIgniter.php(326): CodeIgniter\CodeIgniter->handleRequest(NULL, Object(Config\Cache), false)
#7 C:\xampp\htdocs\gmaps\public\index.php(37): CodeIgniter\CodeIgniter->run()
#8 {main}
ERROR - 2022-04-22 01:44:37 --> Unknown column 'ltd' in 'field list'
ERROR - 2022-04-22 01:44:45 --> Unknown column 'ltd' in 'field list'
ERROR - 2022-04-22 01:44:47 --> Unknown column 'ltd' in 'field list'
ERROR - 2022-04-22 01:45:10 --> Unknown column 'ltd' in 'field list'
ERROR - 2022-04-22 01:46:09 --> Column 'latitude' cannot be null
ERROR - 2022-04-22 01:46:25 --> Column 'longtitude' cannot be null
ERROR - 2022-04-22 01:48:10 --> Column 'longtitude' cannot be null
ERROR - 2022-04-22 01:49:10 --> Column 'longtitude' cannot be null
ERROR - 2022-04-22 01:49:56 --> Column 'longtitude' cannot be null
ERROR - 2022-04-22 01:53:43 --> Unknown column 'csrf_test_name' in 'field list'
ERROR - 2022-04-22 01:56:00 --> Column 'longtitude' cannot be null
ERROR - 2022-04-22 01:57:24 --> Column 'longtitude' cannot be null
ERROR - 2022-04-22 02:11:22 --> Unknown column 'longitude' in 'field list'
ERROR - 2022-04-22 02:11:29 --> Unknown column 'longitude' in 'field list'
ERROR - 2022-04-22 02:11:35 --> Unknown column 'longitude' in 'field list'
ERROR - 2022-04-22 02:12:32 --> Unknown column 'longitude' in 'field list'
CRITICAL - 2022-04-22 21:26:53 --> Call to undefined function countData()
#0 C:\xampp\htdocs\gmaps\system\View\View.php(210): include()
#1 C:\xampp\htdocs\gmaps\system\View\View.php(213): CodeIgniter\View\View->CodeIgniter\View\{closure}()
#2 C:\xampp\htdocs\gmaps\system\Common.php(1089): CodeIgniter\View\View->render('home', Array, true)
#3 C:\xampp\htdocs\gmaps\app\Controllers\Home.php(9): view('home')
#4 C:\xampp\htdocs\gmaps\system\CodeIgniter.php(832): App\Controllers\Home->index()
#5 C:\xampp\htdocs\gmaps\system\CodeIgniter.php(419): CodeIgniter\CodeIgniter->runController(Object(App\Controllers\Home))
#6 C:\xampp\htdocs\gmaps\system\CodeIgniter.php(326): CodeIgniter\CodeIgniter->handleRequest(NULL, Object(Config\Cache), false)
#7 C:\xampp\htdocs\gmaps\public\index.php(37): CodeIgniter\CodeIgniter->run()
#8 C:\xampp\htdocs\gmaps\system\Commands\Server\rewrite.php(43): require_once('C:\\xampp\\htdocs...')
#9 {main}
CRITICAL - 2022-04-22 21:30:33 --> You must set the database table to be used with your query.
#0 C:\xampp\htdocs\gmaps\app\Helpers\custom_helper.php(5): CodeIgniter\Database\BaseConnection->table(NULL)
#1 C:\xampp\htdocs\gmaps\app\Views\home.php(22): countData('sensor')
#2 C:\xampp\htdocs\gmaps\system\View\View.php(210): include('C:\\xampp\\htdocs...')
#3 C:\xampp\htdocs\gmaps\system\View\View.php(213): CodeIgniter\View\View->CodeIgniter\View\{closure}()
#4 C:\xampp\htdocs\gmaps\system\Common.php(1089): CodeIgniter\View\View->render('home', Array, true)
#5 C:\xampp\htdocs\gmaps\app\Controllers\Home.php(9): view('home')
#6 C:\xampp\htdocs\gmaps\system\CodeIgniter.php(832): App\Controllers\Home->index()
#7 C:\xampp\htdocs\gmaps\system\CodeIgniter.php(419): CodeIgniter\CodeIgniter->runController(Object(App\Controllers\Home))
#8 C:\xampp\htdocs\gmaps\system\CodeIgniter.php(326): CodeIgniter\CodeIgniter->handleRequest(NULL, Object(Config\Cache), false)
#9 C:\xampp\htdocs\gmaps\public\index.php(37): CodeIgniter\CodeIgniter->run()
#10 C:\xampp\htdocs\gmaps\system\Commands\Server\rewrite.php(43): require_once('C:\\xampp\\htdocs...')
#11 {main}
CRITICAL - 2022-04-22 21:32:03 --> You must set the database table to be used with your query.
#0 C:\xampp\htdocs\gmaps\app\Helpers\custom_helper.php(5): CodeIgniter\Database\BaseConnection->table(NULL)
#1 C:\xampp\htdocs\gmaps\app\Views\home.php(22): countData('sensor')
#2 C:\xampp\htdocs\gmaps\system\View\View.php(210): include('C:\\xampp\\htdocs...')
#3 C:\xampp\htdocs\gmaps\system\View\View.php(213): CodeIgniter\View\View->CodeIgniter\View\{closure}()
#4 C:\xampp\htdocs\gmaps\system\Common.php(1089): CodeIgniter\View\View->render('home', Array, true)
#5 C:\xampp\htdocs\gmaps\app\Controllers\Home.php(9): view('home')
#6 C:\xampp\htdocs\gmaps\system\CodeIgniter.php(832): App\Controllers\Home->index()
#7 C:\xampp\htdocs\gmaps\system\CodeIgniter.php(419): CodeIgniter\CodeIgniter->runController(Object(App\Controllers\Home))
#8 C:\xampp\htdocs\gmaps\system\CodeIgniter.php(326): CodeIgniter\CodeIgniter->handleRequest(NULL, Object(Config\Cache), false)
#9 C:\xampp\htdocs\gmaps\public\index.php(37): CodeIgniter\CodeIgniter->run()
#10 C:\xampp\htdocs\gmaps\system\Commands\Server\rewrite.php(43): require_once('C:\\xampp\\htdocs...')
#11 {main}
CRITICAL - 2022-04-22 21:34:18 --> You must set the database table to be used with your query.
#0 C:\xampp\htdocs\gmaps\app\Helpers\custom_helper.php(5): CodeIgniter\Database\BaseConnection->table(NULL)
#1 C:\xampp\htdocs\gmaps\app\Views\home.php(22): countData('sensor')
#2 C:\xampp\htdocs\gmaps\system\View\View.php(210): include('C:\\xampp\\htdocs...')
#3 C:\xampp\htdocs\gmaps\system\View\View.php(213): CodeIgniter\View\View->CodeIgniter\View\{closure}()
#4 C:\xampp\htdocs\gmaps\system\Common.php(1089): CodeIgniter\View\View->render('home', Array, true)
#5 C:\xampp\htdocs\gmaps\app\Controllers\Home.php(9): view('home')
#6 C:\xampp\htdocs\gmaps\system\CodeIgniter.php(832): App\Controllers\Home->index()
#7 C:\xampp\htdocs\gmaps\system\CodeIgniter.php(419): CodeIgniter\CodeIgniter->runController(Object(App\Controllers\Home))
#8 C:\xampp\htdocs\gmaps\system\CodeIgniter.php(326): CodeIgniter\CodeIgniter->handleRequest(NULL, Object(Config\Cache), false)
#9 C:\xampp\htdocs\gmaps\public\index.php(37): CodeIgniter\CodeIgniter->run()
#10 C:\xampp\htdocs\gmaps\system\Commands\Server\rewrite.php(43): require_once('C:\\xampp\\htdocs...')
#11 {main}
CRITICAL - 2022-04-22 21:34:20 --> You must set the database table to be used with your query.
#0 C:\xampp\htdocs\gmaps\app\Helpers\custom_helper.php(5): CodeIgniter\Database\BaseConnection->table(NULL)
#1 C:\xampp\htdocs\gmaps\app\Views\home.php(22): countData('sensor')
#2 C:\xampp\htdocs\gmaps\system\View\View.php(210): include('C:\\xampp\\htdocs...')
#3 C:\xampp\htdocs\gmaps\system\View\View.php(213): CodeIgniter\View\View->CodeIgniter\View\{closure}()
#4 C:\xampp\htdocs\gmaps\system\Common.php(1089): CodeIgniter\View\View->render('home', Array, true)
#5 C:\xampp\htdocs\gmaps\app\Controllers\Home.php(9): view('home')
#6 C:\xampp\htdocs\gmaps\system\CodeIgniter.php(832): App\Controllers\Home->index()
#7 C:\xampp\htdocs\gmaps\system\CodeIgniter.php(419): CodeIgniter\CodeIgniter->runController(Object(App\Controllers\Home))
#8 C:\xampp\htdocs\gmaps\system\CodeIgniter.php(326): CodeIgniter\CodeIgniter->handleRequest(NULL, Object(Config\Cache), false)
#9 C:\xampp\htdocs\gmaps\public\index.php(37): CodeIgniter\CodeIgniter->run()
#10 C:\xampp\htdocs\gmaps\system\Commands\Server\rewrite.php(43): require_once('C:\\xampp\\htdocs...')
#11 {main}
CRITICAL - 2022-04-22 21:34:41 --> Call to undefined method CodeIgniter\Database\MySQLi\Builder::countAllResult()
#0 C:\xampp\htdocs\gmaps\app\Views\home.php(22): countData('sensor')
#1 C:\xampp\htdocs\gmaps\system\View\View.php(210): include('C:\\xampp\\htdocs...')
#2 C:\xampp\htdocs\gmaps\system\View\View.php(213): CodeIgniter\View\View->CodeIgniter\View\{closure}()
#3 C:\xampp\htdocs\gmaps\system\Common.php(1089): CodeIgniter\View\View->render('home', Array, true)
#4 C:\xampp\htdocs\gmaps\app\Controllers\Home.php(9): view('home')
#5 C:\xampp\htdocs\gmaps\system\CodeIgniter.php(832): App\Controllers\Home->index()
#6 C:\xampp\htdocs\gmaps\system\CodeIgniter.php(419): CodeIgniter\CodeIgniter->runController(Object(App\Controllers\Home))
#7 C:\xampp\htdocs\gmaps\system\CodeIgniter.php(326): CodeIgniter\CodeIgniter->handleRequest(NULL, Object(Config\Cache), false)
#8 C:\xampp\htdocs\gmaps\public\index.php(37): CodeIgniter\CodeIgniter->run()
#9 C:\xampp\htdocs\gmaps\system\Commands\Server\rewrite.php(43): require_once('C:\\xampp\\htdocs...')
#10 {main}
