CRITICAL - 2022-04-21 00:14:16 --> mysqli_connect(): (HY000/1049): Unknown database 'latihan'
#0 [internal function]: CodeIgniter\Debug\Exceptions->errorHandler(2, 'mysqli_connect(...', 'C:\\xampp\\htdocs...', 117, Array)
#1 C:\xampp\htdocs\gmaps\app\Views\map\leaflet.php(117): mysqli_connect('localhost', 'root', '', 'latihan')
#2 C:\xampp\htdocs\gmaps\system\View\View.php(210): include('C:\\xampp\\htdocs...')
#3 C:\xampp\htdocs\gmaps\system\View\View.php(213): CodeIgniter\View\View->CodeIgniter\View\{closure}()
#4 C:\xampp\htdocs\gmaps\system\Common.php(1089): CodeIgniter\View\View->render('map/leaflet', Array, true)
#5 C:\xampp\htdocs\gmaps\app\Controllers\Maps.php(13): view('map/leaflet')
#6 C:\xampp\htdocs\gmaps\system\CodeIgniter.php(832): App\Controllers\Maps->leaflet()
#7 C:\xampp\htdocs\gmaps\system\CodeIgniter.php(419): CodeIgniter\CodeIgniter->runController(Object(App\Controllers\Maps))
#8 C:\xampp\htdocs\gmaps\system\CodeIgniter.php(326): CodeIgniter\CodeIgniter->handleRequest(NULL, Object(Config\Cache), false)
#9 C:\xampp\htdocs\gmaps\public\index.php(37): CodeIgniter\CodeIgniter->run()
#10 {main}
CRITICAL - 2022-04-21 02:20:24 --> Invalid argument supplied for foreach()
#0 C:\xampp\htdocs\gmaps\app\Views\map\leaflet.php(50): CodeIgniter\Debug\Exceptions->errorHandler(2, 'Invalid argumen...', 'C:\\xampp\\htdocs...', 50, Array)
#1 C:\xampp\htdocs\gmaps\system\View\View.php(210): include('C:\\xampp\\htdocs...')
#2 C:\xampp\htdocs\gmaps\system\View\View.php(213): CodeIgniter\View\View->CodeIgniter\View\{closure}()
#3 C:\xampp\htdocs\gmaps\system\Common.php(1089): CodeIgniter\View\View->render('map/leaflet', Array, true)
#4 C:\xampp\htdocs\gmaps\app\Controllers\Maps.php(13): view('map/leaflet')
#5 C:\xampp\htdocs\gmaps\system\CodeIgniter.php(832): App\Controllers\Maps->leaflet()
#6 C:\xampp\htdocs\gmaps\system\CodeIgniter.php(419): CodeIgniter\CodeIgniter->runController(Object(App\Controllers\Maps))
#7 C:\xampp\htdocs\gmaps\system\CodeIgniter.php(326): CodeIgniter\CodeIgniter->handleRequest(NULL, Object(Config\Cache), false)
#8 C:\xampp\htdocs\gmaps\public\index.php(37): CodeIgniter\CodeIgniter->run()
#9 {main}
CRITICAL - 2022-04-21 02:22:09 --> Invalid argument supplied for foreach()
#0 C:\xampp\htdocs\gmaps\app\Views\map\leaflet.php(58): CodeIgniter\Debug\Exceptions->errorHandler(2, 'Invalid argumen...', 'C:\\xampp\\htdocs...', 58, Array)
#1 C:\xampp\htdocs\gmaps\system\View\View.php(210): include('C:\\xampp\\htdocs...')
#2 C:\xampp\htdocs\gmaps\system\View\View.php(213): CodeIgniter\View\View->CodeIgniter\View\{closure}()
#3 C:\xampp\htdocs\gmaps\system\Common.php(1089): CodeIgniter\View\View->render('map/leaflet', Array, true)
#4 C:\xampp\htdocs\gmaps\app\Controllers\Maps.php(13): view('map/leaflet')
#5 C:\xampp\htdocs\gmaps\system\CodeIgniter.php(832): App\Controllers\Maps->leaflet()
#6 C:\xampp\htdocs\gmaps\system\CodeIgniter.php(419): CodeIgniter\CodeIgniter->runController(Object(App\Controllers\Maps))
#7 C:\xampp\htdocs\gmaps\system\CodeIgniter.php(326): CodeIgniter\CodeIgniter->handleRequest(NULL, Object(Config\Cache), false)
#8 C:\xampp\htdocs\gmaps\public\index.php(37): CodeIgniter\CodeIgniter->run()
#9 {main}
CRITICAL - 2022-04-21 02:22:10 --> Invalid argument supplied for foreach()
#0 C:\xampp\htdocs\gmaps\app\Views\map\leaflet.php(58): CodeIgniter\Debug\Exceptions->errorHandler(2, 'Invalid argumen...', 'C:\\xampp\\htdocs...', 58, Array)
#1 C:\xampp\htdocs\gmaps\system\View\View.php(210): include('C:\\xampp\\htdocs...')
#2 C:\xampp\htdocs\gmaps\system\View\View.php(213): CodeIgniter\View\View->CodeIgniter\View\{closure}()
#3 C:\xampp\htdocs\gmaps\system\Common.php(1089): CodeIgniter\View\View->render('map/leaflet', Array, true)
#4 C:\xampp\htdocs\gmaps\app\Controllers\Maps.php(13): view('map/leaflet')
#5 C:\xampp\htdocs\gmaps\system\CodeIgniter.php(832): App\Controllers\Maps->leaflet()
#6 C:\xampp\htdocs\gmaps\system\CodeIgniter.php(419): CodeIgniter\CodeIgniter->runController(Object(App\Controllers\Maps))
#7 C:\xampp\htdocs\gmaps\system\CodeIgniter.php(326): CodeIgniter\CodeIgniter->handleRequest(NULL, Object(Config\Cache), false)
#8 C:\xampp\htdocs\gmaps\public\index.php(37): CodeIgniter\CodeIgniter->run()
#9 {main}
CRITICAL - 2022-04-21 02:22:10 --> Invalid argument supplied for foreach()
#0 C:\xampp\htdocs\gmaps\app\Views\map\leaflet.php(58): CodeIgniter\Debug\Exceptions->errorHandler(2, 'Invalid argumen...', 'C:\\xampp\\htdocs...', 58, Array)
#1 C:\xampp\htdocs\gmaps\system\View\View.php(210): include('C:\\xampp\\htdocs...')
#2 C:\xampp\htdocs\gmaps\system\View\View.php(213): CodeIgniter\View\View->CodeIgniter\View\{closure}()
#3 C:\xampp\htdocs\gmaps\system\Common.php(1089): CodeIgniter\View\View->render('map/leaflet', Array, true)
#4 C:\xampp\htdocs\gmaps\app\Controllers\Maps.php(13): view('map/leaflet')
#5 C:\xampp\htdocs\gmaps\system\CodeIgniter.php(832): App\Controllers\Maps->leaflet()
#6 C:\xampp\htdocs\gmaps\system\CodeIgniter.php(419): CodeIgniter\CodeIgniter->runController(Object(App\Controllers\Maps))
#7 C:\xampp\htdocs\gmaps\system\CodeIgniter.php(326): CodeIgniter\CodeIgniter->handleRequest(NULL, Object(Config\Cache), false)
#8 C:\xampp\htdocs\gmaps\public\index.php(37): CodeIgniter\CodeIgniter->run()
#9 {main}
CRITICAL - 2022-04-21 02:22:10 --> Invalid argument supplied for foreach()
#0 C:\xampp\htdocs\gmaps\app\Views\map\leaflet.php(58): CodeIgniter\Debug\Exceptions->errorHandler(2, 'Invalid argumen...', 'C:\\xampp\\htdocs...', 58, Array)
#1 C:\xampp\htdocs\gmaps\system\View\View.php(210): include('C:\\xampp\\htdocs...')
#2 C:\xampp\htdocs\gmaps\system\View\View.php(213): CodeIgniter\View\View->CodeIgniter\View\{closure}()
#3 C:\xampp\htdocs\gmaps\system\Common.php(1089): CodeIgniter\View\View->render('map/leaflet', Array, true)
#4 C:\xampp\htdocs\gmaps\app\Controllers\Maps.php(13): view('map/leaflet')
#5 C:\xampp\htdocs\gmaps\system\CodeIgniter.php(832): App\Controllers\Maps->leaflet()
#6 C:\xampp\htdocs\gmaps\system\CodeIgniter.php(419): CodeIgniter\CodeIgniter->runController(Object(App\Controllers\Maps))
#7 C:\xampp\htdocs\gmaps\system\CodeIgniter.php(326): CodeIgniter\CodeIgniter->handleRequest(NULL, Object(Config\Cache), false)
#8 C:\xampp\htdocs\gmaps\public\index.php(37): CodeIgniter\CodeIgniter->run()
#9 {main}
CRITICAL - 2022-04-21 02:22:11 --> Invalid argument supplied for foreach()
#0 C:\xampp\htdocs\gmaps\app\Views\map\leaflet.php(58): CodeIgniter\Debug\Exceptions->errorHandler(2, 'Invalid argumen...', 'C:\\xampp\\htdocs...', 58, Array)
#1 C:\xampp\htdocs\gmaps\system\View\View.php(210): include('C:\\xampp\\htdocs...')
#2 C:\xampp\htdocs\gmaps\system\View\View.php(213): CodeIgniter\View\View->CodeIgniter\View\{closure}()
#3 C:\xampp\htdocs\gmaps\system\Common.php(1089): CodeIgniter\View\View->render('map/leaflet', Array, true)
#4 C:\xampp\htdocs\gmaps\app\Controllers\Maps.php(13): view('map/leaflet')
#5 C:\xampp\htdocs\gmaps\system\CodeIgniter.php(832): App\Controllers\Maps->leaflet()
#6 C:\xampp\htdocs\gmaps\system\CodeIgniter.php(419): CodeIgniter\CodeIgniter->runController(Object(App\Controllers\Maps))
#7 C:\xampp\htdocs\gmaps\system\CodeIgniter.php(326): CodeIgniter\CodeIgniter->handleRequest(NULL, Object(Config\Cache), false)
#8 C:\xampp\htdocs\gmaps\public\index.php(37): CodeIgniter\CodeIgniter->run()
#9 {main}
CRITICAL - 2022-04-21 02:22:11 --> Invalid argument supplied for foreach()
#0 C:\xampp\htdocs\gmaps\app\Views\map\leaflet.php(58): CodeIgniter\Debug\Exceptions->errorHandler(2, 'Invalid argumen...', 'C:\\xampp\\htdocs...', 58, Array)
#1 C:\xampp\htdocs\gmaps\system\View\View.php(210): include('C:\\xampp\\htdocs...')
#2 C:\xampp\htdocs\gmaps\system\View\View.php(213): CodeIgniter\View\View->CodeIgniter\View\{closure}()
#3 C:\xampp\htdocs\gmaps\system\Common.php(1089): CodeIgniter\View\View->render('map/leaflet', Array, true)
#4 C:\xampp\htdocs\gmaps\app\Controllers\Maps.php(13): view('map/leaflet')
#5 C:\xampp\htdocs\gmaps\system\CodeIgniter.php(832): App\Controllers\Maps->leaflet()
#6 C:\xampp\htdocs\gmaps\system\CodeIgniter.php(419): CodeIgniter\CodeIgniter->runController(Object(App\Controllers\Maps))
#7 C:\xampp\htdocs\gmaps\system\CodeIgniter.php(326): CodeIgniter\CodeIgniter->handleRequest(NULL, Object(Config\Cache), false)
#8 C:\xampp\htdocs\gmaps\public\index.php(37): CodeIgniter\CodeIgniter->run()
#9 {main}
CRITICAL - 2022-04-21 02:22:11 --> Invalid argument supplied for foreach()
#0 C:\xampp\htdocs\gmaps\app\Views\map\leaflet.php(58): CodeIgniter\Debug\Exceptions->errorHandler(2, 'Invalid argumen...', 'C:\\xampp\\htdocs...', 58, Array)
#1 C:\xampp\htdocs\gmaps\system\View\View.php(210): include('C:\\xampp\\htdocs...')
#2 C:\xampp\htdocs\gmaps\system\View\View.php(213): CodeIgniter\View\View->CodeIgniter\View\{closure}()
#3 C:\xampp\htdocs\gmaps\system\Common.php(1089): CodeIgniter\View\View->render('map/leaflet', Array, true)
#4 C:\xampp\htdocs\gmaps\app\Controllers\Maps.php(13): view('map/leaflet')
#5 C:\xampp\htdocs\gmaps\system\CodeIgniter.php(832): App\Controllers\Maps->leaflet()
#6 C:\xampp\htdocs\gmaps\system\CodeIgniter.php(419): CodeIgniter\CodeIgniter->runController(Object(App\Controllers\Maps))
#7 C:\xampp\htdocs\gmaps\system\CodeIgniter.php(326): CodeIgniter\CodeIgniter->handleRequest(NULL, Object(Config\Cache), false)
#8 C:\xampp\htdocs\gmaps\public\index.php(37): CodeIgniter\CodeIgniter->run()
#9 {main}
CRITICAL - 2022-04-21 03:53:52 --> syntax error, unexpected 'view' (T_STRING)
#0 C:\xampp\htdocs\gmaps\system\Autoloader\Autoloader.php(241): CodeIgniter\Autoloader\Autoloader->includeFile('C:\\xampp\\htdocs...')
#1 C:\xampp\htdocs\gmaps\system\Autoloader\Autoloader.php(219): CodeIgniter\Autoloader\Autoloader->loadInNamespace('App\\Controllers...')
#2 [internal function]: CodeIgniter\Autoloader\Autoloader->loadClass('App\\Controllers...')
#3 [internal function]: spl_autoload_call('App\\Controllers...')
#4 C:\xampp\htdocs\gmaps\system\CodeIgniter.php(797): class_exists('\\App\\Controller...', true)
#5 C:\xampp\htdocs\gmaps\system\CodeIgniter.php(406): CodeIgniter\CodeIgniter->startController()
#6 C:\xampp\htdocs\gmaps\system\CodeIgniter.php(326): CodeIgniter\CodeIgniter->handleRequest(NULL, Object(Config\Cache), false)
#7 C:\xampp\htdocs\gmaps\public\index.php(37): CodeIgniter\CodeIgniter->run()
#8 {main}
CRITICAL - 2022-04-21 03:53:59 --> syntax error, unexpected 'view' (T_STRING)
#0 C:\xampp\htdocs\gmaps\system\Autoloader\Autoloader.php(241): CodeIgniter\Autoloader\Autoloader->includeFile('C:\\xampp\\htdocs...')
#1 C:\xampp\htdocs\gmaps\system\Autoloader\Autoloader.php(219): CodeIgniter\Autoloader\Autoloader->loadInNamespace('App\\Controllers...')
#2 [internal function]: CodeIgniter\Autoloader\Autoloader->loadClass('App\\Controllers...')
#3 [internal function]: spl_autoload_call('App\\Controllers...')
#4 C:\xampp\htdocs\gmaps\system\CodeIgniter.php(797): class_exists('\\App\\Controller...', true)
#5 C:\xampp\htdocs\gmaps\system\CodeIgniter.php(406): CodeIgniter\CodeIgniter->startController()
#6 C:\xampp\htdocs\gmaps\system\CodeIgniter.php(326): CodeIgniter\CodeIgniter->handleRequest(NULL, Object(Config\Cache), false)
#7 C:\xampp\htdocs\gmaps\public\index.php(37): CodeIgniter\CodeIgniter->run()
#8 {main}
CRITICAL - 2022-04-21 04:12:51 --> syntax error, unexpected 'echo' (T_ECHO)
#0 C:\xampp\htdocs\gmaps\system\View\View.php(213): CodeIgniter\View\View->CodeIgniter\View\{closure}()
#1 C:\xampp\htdocs\gmaps\system\Common.php(1089): CodeIgniter\View\View->render('map/leaflet', Array, true)
#2 C:\xampp\htdocs\gmaps\app\Controllers\Maps.php(13): view('map/leaflet')
#3 C:\xampp\htdocs\gmaps\system\CodeIgniter.php(832): App\Controllers\Maps->leaflet()
#4 C:\xampp\htdocs\gmaps\system\CodeIgniter.php(419): CodeIgniter\CodeIgniter->runController(Object(App\Controllers\Maps))
#5 C:\xampp\htdocs\gmaps\system\CodeIgniter.php(326): CodeIgniter\CodeIgniter->handleRequest(NULL, Object(Config\Cache), false)
#6 C:\xampp\htdocs\gmaps\public\index.php(37): CodeIgniter\CodeIgniter->run()
#7 {main}
CRITICAL - 2022-04-21 04:30:28 --> Invalid file: map/get.php
#0 C:\xampp\htdocs\gmaps\system\View\View.php(198): CodeIgniter\Exceptions\FrameworkException::forInvalidFile('map/get.php')
#1 C:\xampp\htdocs\gmaps\system\Common.php(1089): CodeIgniter\View\View->render('map/get', Array, true)
#2 C:\xampp\htdocs\gmaps\app\Controllers\Sensor.php(29): view('map/get', Array)
#3 C:\xampp\htdocs\gmaps\system\CodeIgniter.php(832): App\Controllers\Sensor->index()
#4 C:\xampp\htdocs\gmaps\system\CodeIgniter.php(419): CodeIgniter\CodeIgniter->runController(Object(App\Controllers\Sensor))
#5 C:\xampp\htdocs\gmaps\system\CodeIgniter.php(326): CodeIgniter\CodeIgniter->handleRequest(NULL, Object(Config\Cache), false)
#6 C:\xampp\htdocs\gmaps\public\index.php(37): CodeIgniter\CodeIgniter->run()
#7 {main}
CRITICAL - 2022-04-21 04:30:44 --> Argument 2 passed to view() must be of the type array, object given, called in C:\xampp\htdocs\gmaps\app\Controllers\Sensor.php on line 29
#0 C:\xampp\htdocs\gmaps\app\Controllers\Sensor.php(29): view('map/get', Object(CodeIgniter\Database\MySQLi\Result))
#1 C:\xampp\htdocs\gmaps\system\CodeIgniter.php(832): App\Controllers\Sensor->index()
#2 C:\xampp\htdocs\gmaps\system\CodeIgniter.php(419): CodeIgniter\CodeIgniter->runController(Object(App\Controllers\Sensor))
#3 C:\xampp\htdocs\gmaps\system\CodeIgniter.php(326): CodeIgniter\CodeIgniter->handleRequest(NULL, Object(Config\Cache), false)
#4 C:\xampp\htdocs\gmaps\public\index.php(37): CodeIgniter\CodeIgniter->run()
#5 {main}
CRITICAL - 2022-04-21 04:30:51 --> Argument 2 passed to view() must be of the type array, null given, called in C:\xampp\htdocs\gmaps\app\Controllers\Sensor.php on line 29
#0 C:\xampp\htdocs\gmaps\app\Controllers\Sensor.php(29): view('map/get', NULL)
#1 C:\xampp\htdocs\gmaps\system\CodeIgniter.php(832): App\Controllers\Sensor->index()
#2 C:\xampp\htdocs\gmaps\system\CodeIgniter.php(419): CodeIgniter\CodeIgniter->runController(Object(App\Controllers\Sensor))
#3 C:\xampp\htdocs\gmaps\system\CodeIgniter.php(326): CodeIgniter\CodeIgniter->handleRequest(NULL, Object(Config\Cache), false)
#4 C:\xampp\htdocs\gmaps\public\index.php(37): CodeIgniter\CodeIgniter->run()
#5 {main}
CRITICAL - 2022-04-21 04:30:57 --> Argument 2 passed to view() must be of the type array, null given, called in C:\xampp\htdocs\gmaps\app\Controllers\Sensor.php on line 29
#0 C:\xampp\htdocs\gmaps\app\Controllers\Sensor.php(29): view('map/get', NULL)
#1 C:\xampp\htdocs\gmaps\system\CodeIgniter.php(832): App\Controllers\Sensor->index()
#2 C:\xampp\htdocs\gmaps\system\CodeIgniter.php(419): CodeIgniter\CodeIgniter->runController(Object(App\Controllers\Sensor))
#3 C:\xampp\htdocs\gmaps\system\CodeIgniter.php(326): CodeIgniter\CodeIgniter->handleRequest(NULL, Object(Config\Cache), false)
#4 C:\xampp\htdocs\gmaps\public\index.php(37): CodeIgniter\CodeIgniter->run()
#5 {main}
CRITICAL - 2022-04-21 19:12:28 --> Invalid argument supplied for foreach()
#0 C:\xampp\htdocs\gmaps\app\Views\map\leaflet.php(65): CodeIgniter\Debug\Exceptions->errorHandler(2, 'Invalid argumen...', 'C:\\xampp\\htdocs...', 65, Array)
#1 C:\xampp\htdocs\gmaps\system\View\View.php(210): include('C:\\xampp\\htdocs...')
#2 C:\xampp\htdocs\gmaps\system\View\View.php(213): CodeIgniter\View\View->CodeIgniter\View\{closure}()
#3 C:\xampp\htdocs\gmaps\system\Common.php(1089): CodeIgniter\View\View->render('map/leaflet', Array, true)
#4 C:\xampp\htdocs\gmaps\app\Controllers\Maps.php(13): view('map/leaflet')
#5 C:\xampp\htdocs\gmaps\system\CodeIgniter.php(832): App\Controllers\Maps->leaflet()
#6 C:\xampp\htdocs\gmaps\system\CodeIgniter.php(419): CodeIgniter\CodeIgniter->runController(Object(App\Controllers\Maps))
#7 C:\xampp\htdocs\gmaps\system\CodeIgniter.php(326): CodeIgniter\CodeIgniter->handleRequest(NULL, Object(Config\Cache), false)
#8 C:\xampp\htdocs\gmaps\public\index.php(37): CodeIgniter\CodeIgniter->run()
#9 {main}
CRITICAL - 2022-04-21 19:13:17 --> Invalid argument supplied for foreach()
#0 C:\xampp\htdocs\gmaps\app\Views\map\leaflet.php(66): CodeIgniter\Debug\Exceptions->errorHandler(2, 'Invalid argumen...', 'C:\\xampp\\htdocs...', 66, Array)
#1 C:\xampp\htdocs\gmaps\system\View\View.php(210): include('C:\\xampp\\htdocs...')
#2 C:\xampp\htdocs\gmaps\system\View\View.php(213): CodeIgniter\View\View->CodeIgniter\View\{closure}()
#3 C:\xampp\htdocs\gmaps\system\Common.php(1089): CodeIgniter\View\View->render('map/leaflet', Array, true)
#4 C:\xampp\htdocs\gmaps\app\Controllers\Maps.php(13): view('map/leaflet')
#5 C:\xampp\htdocs\gmaps\system\CodeIgniter.php(832): App\Controllers\Maps->leaflet()
#6 C:\xampp\htdocs\gmaps\system\CodeIgniter.php(419): CodeIgniter\CodeIgniter->runController(Object(App\Controllers\Maps))
#7 C:\xampp\htdocs\gmaps\system\CodeIgniter.php(326): CodeIgniter\CodeIgniter->handleRequest(NULL, Object(Config\Cache), false)
#8 C:\xampp\htdocs\gmaps\public\index.php(37): CodeIgniter\CodeIgniter->run()
#9 {main}
CRITICAL - 2022-04-21 19:14:37 --> Invalid argument supplied for foreach()
#0 C:\xampp\htdocs\gmaps\app\Views\map\leaflet.php(66): CodeIgniter\Debug\Exceptions->errorHandler(2, 'Invalid argumen...', 'C:\\xampp\\htdocs...', 66, Array)
#1 C:\xampp\htdocs\gmaps\system\View\View.php(210): include('C:\\xampp\\htdocs...')
#2 C:\xampp\htdocs\gmaps\system\View\View.php(213): CodeIgniter\View\View->CodeIgniter\View\{closure}()
#3 C:\xampp\htdocs\gmaps\system\Common.php(1089): CodeIgniter\View\View->render('map/leaflet', Array, true)
#4 C:\xampp\htdocs\gmaps\app\Controllers\Maps.php(13): view('map/leaflet')
#5 C:\xampp\htdocs\gmaps\system\CodeIgniter.php(832): App\Controllers\Maps->leaflet()
#6 C:\xampp\htdocs\gmaps\system\CodeIgniter.php(419): CodeIgniter\CodeIgniter->runController(Object(App\Controllers\Maps))
#7 C:\xampp\htdocs\gmaps\system\CodeIgniter.php(326): CodeIgniter\CodeIgniter->handleRequest(NULL, Object(Config\Cache), false)
#8 C:\xampp\htdocs\gmaps\public\index.php(37): CodeIgniter\CodeIgniter->run()
#9 {main}
CRITICAL - 2022-04-21 19:14:44 --> Invalid argument supplied for foreach()
#0 C:\xampp\htdocs\gmaps\app\Views\map\leaflet.php(66): CodeIgniter\Debug\Exceptions->errorHandler(2, 'Invalid argumen...', 'C:\\xampp\\htdocs...', 66, Array)
#1 C:\xampp\htdocs\gmaps\system\View\View.php(210): include('C:\\xampp\\htdocs...')
#2 C:\xampp\htdocs\gmaps\system\View\View.php(213): CodeIgniter\View\View->CodeIgniter\View\{closure}()
#3 C:\xampp\htdocs\gmaps\system\Common.php(1089): CodeIgniter\View\View->render('map/leaflet', Array, true)
#4 C:\xampp\htdocs\gmaps\app\Controllers\Maps.php(13): view('map/leaflet')
#5 C:\xampp\htdocs\gmaps\system\CodeIgniter.php(832): App\Controllers\Maps->leaflet()
#6 C:\xampp\htdocs\gmaps\system\CodeIgniter.php(419): CodeIgniter\CodeIgniter->runController(Object(App\Controllers\Maps))
#7 C:\xampp\htdocs\gmaps\system\CodeIgniter.php(326): CodeIgniter\CodeIgniter->handleRequest(NULL, Object(Config\Cache), false)
#8 C:\xampp\htdocs\gmaps\public\index.php(37): CodeIgniter\CodeIgniter->run()
#9 {main}
CRITICAL - 2022-04-21 19:15:25 --> Invalid argument supplied for foreach()
#0 C:\xampp\htdocs\gmaps\app\Views\map\leaflet.php(66): CodeIgniter\Debug\Exceptions->errorHandler(2, 'Invalid argumen...', 'C:\\xampp\\htdocs...', 66, Array)
#1 C:\xampp\htdocs\gmaps\system\View\View.php(210): include('C:\\xampp\\htdocs...')
#2 C:\xampp\htdocs\gmaps\system\View\View.php(213): CodeIgniter\View\View->CodeIgniter\View\{closure}()
#3 C:\xampp\htdocs\gmaps\system\Common.php(1089): CodeIgniter\View\View->render('map/leaflet', Array, true)
#4 C:\xampp\htdocs\gmaps\app\Controllers\Maps.php(13): view('map/leaflet')
#5 C:\xampp\htdocs\gmaps\system\CodeIgniter.php(832): App\Controllers\Maps->leaflet()
#6 C:\xampp\htdocs\gmaps\system\CodeIgniter.php(419): CodeIgniter\CodeIgniter->runController(Object(App\Controllers\Maps))
#7 C:\xampp\htdocs\gmaps\system\CodeIgniter.php(326): CodeIgniter\CodeIgniter->handleRequest(NULL, Object(Config\Cache), false)
#8 C:\xampp\htdocs\gmaps\public\index.php(37): CodeIgniter\CodeIgniter->run()
#9 {main}
CRITICAL - 2022-04-21 19:15:33 --> Invalid argument supplied for foreach()
#0 C:\xampp\htdocs\gmaps\app\Views\map\leaflet.php(66): CodeIgniter\Debug\Exceptions->errorHandler(2, 'Invalid argumen...', 'C:\\xampp\\htdocs...', 66, Array)
#1 C:\xampp\htdocs\gmaps\system\View\View.php(210): include('C:\\xampp\\htdocs...')
#2 C:\xampp\htdocs\gmaps\system\View\View.php(213): CodeIgniter\View\View->CodeIgniter\View\{closure}()
#3 C:\xampp\htdocs\gmaps\system\Common.php(1089): CodeIgniter\View\View->render('map/leaflet', Array, true)
#4 C:\xampp\htdocs\gmaps\app\Controllers\Maps.php(13): view('map/leaflet')
#5 C:\xampp\htdocs\gmaps\system\CodeIgniter.php(832): App\Controllers\Maps->leaflet()
#6 C:\xampp\htdocs\gmaps\system\CodeIgniter.php(419): CodeIgniter\CodeIgniter->runController(Object(App\Controllers\Maps))
#7 C:\xampp\htdocs\gmaps\system\CodeIgniter.php(326): CodeIgniter\CodeIgniter->handleRequest(NULL, Object(Config\Cache), false)
#8 C:\xampp\htdocs\gmaps\public\index.php(37): CodeIgniter\CodeIgniter->run()
#9 {main}
CRITICAL - 2022-04-21 19:18:03 --> Invalid argument supplied for foreach()
#0 C:\xampp\htdocs\gmaps\app\Views\map\leaflet.php(66): CodeIgniter\Debug\Exceptions->errorHandler(2, 'Invalid argumen...', 'C:\\xampp\\htdocs...', 66, Array)
#1 C:\xampp\htdocs\gmaps\system\View\View.php(210): include('C:\\xampp\\htdocs...')
#2 C:\xampp\htdocs\gmaps\system\View\View.php(213): CodeIgniter\View\View->CodeIgniter\View\{closure}()
#3 C:\xampp\htdocs\gmaps\system\Common.php(1089): CodeIgniter\View\View->render('map/leaflet', Array, true)
#4 C:\xampp\htdocs\gmaps\app\Controllers\Maps.php(13): view('map/leaflet')
#5 C:\xampp\htdocs\gmaps\system\CodeIgniter.php(832): App\Controllers\Maps->leaflet()
#6 C:\xampp\htdocs\gmaps\system\CodeIgniter.php(419): CodeIgniter\CodeIgniter->runController(Object(App\Controllers\Maps))
#7 C:\xampp\htdocs\gmaps\system\CodeIgniter.php(326): CodeIgniter\CodeIgniter->handleRequest(NULL, Object(Config\Cache), false)
#8 C:\xampp\htdocs\gmaps\public\index.php(37): CodeIgniter\CodeIgniter->run()
#9 {main}
CRITICAL - 2022-04-21 19:19:30 --> Invalid argument supplied for foreach()
#0 C:\xampp\htdocs\gmaps\app\Views\map\leaflet.php(66): CodeIgniter\Debug\Exceptions->errorHandler(2, 'Invalid argumen...', 'C:\\xampp\\htdocs...', 66, Array)
#1 C:\xampp\htdocs\gmaps\system\View\View.php(210): include('C:\\xampp\\htdocs...')
#2 C:\xampp\htdocs\gmaps\system\View\View.php(213): CodeIgniter\View\View->CodeIgniter\View\{closure}()
#3 C:\xampp\htdocs\gmaps\system\Common.php(1089): CodeIgniter\View\View->render('map/leaflet', Array, true)
#4 C:\xampp\htdocs\gmaps\app\Controllers\Maps.php(13): view('map/leaflet')
#5 C:\xampp\htdocs\gmaps\system\CodeIgniter.php(832): App\Controllers\Maps->leaflet()
#6 C:\xampp\htdocs\gmaps\system\CodeIgniter.php(419): CodeIgniter\CodeIgniter->runController(Object(App\Controllers\Maps))
#7 C:\xampp\htdocs\gmaps\system\CodeIgniter.php(326): CodeIgniter\CodeIgniter->handleRequest(NULL, Object(Config\Cache), false)
#8 C:\xampp\htdocs\gmaps\public\index.php(37): CodeIgniter\CodeIgniter->run()
#9 {main}
CRITICAL - 2022-04-21 19:19:31 --> Invalid argument supplied for foreach()
#0 C:\xampp\htdocs\gmaps\app\Views\map\leaflet.php(66): CodeIgniter\Debug\Exceptions->errorHandler(2, 'Invalid argumen...', 'C:\\xampp\\htdocs...', 66, Array)
#1 C:\xampp\htdocs\gmaps\system\View\View.php(210): include('C:\\xampp\\htdocs...')
#2 C:\xampp\htdocs\gmaps\system\View\View.php(213): CodeIgniter\View\View->CodeIgniter\View\{closure}()
#3 C:\xampp\htdocs\gmaps\system\Common.php(1089): CodeIgniter\View\View->render('map/leaflet', Array, true)
#4 C:\xampp\htdocs\gmaps\app\Controllers\Maps.php(13): view('map/leaflet')
#5 C:\xampp\htdocs\gmaps\system\CodeIgniter.php(832): App\Controllers\Maps->leaflet()
#6 C:\xampp\htdocs\gmaps\system\CodeIgniter.php(419): CodeIgniter\CodeIgniter->runController(Object(App\Controllers\Maps))
#7 C:\xampp\htdocs\gmaps\system\CodeIgniter.php(326): CodeIgniter\CodeIgniter->handleRequest(NULL, Object(Config\Cache), false)
#8 C:\xampp\htdocs\gmaps\public\index.php(37): CodeIgniter\CodeIgniter->run()
#9 {main}
CRITICAL - 2022-04-21 19:19:43 --> Invalid argument supplied for foreach()
#0 C:\xampp\htdocs\gmaps\app\Views\map\leaflet.php(66): CodeIgniter\Debug\Exceptions->errorHandler(2, 'Invalid argumen...', 'C:\\xampp\\htdocs...', 66, Array)
#1 C:\xampp\htdocs\gmaps\system\View\View.php(210): include('C:\\xampp\\htdocs...')
#2 C:\xampp\htdocs\gmaps\system\View\View.php(213): CodeIgniter\View\View->CodeIgniter\View\{closure}()
#3 C:\xampp\htdocs\gmaps\system\Common.php(1089): CodeIgniter\View\View->render('map/leaflet', Array, true)
#4 C:\xampp\htdocs\gmaps\app\Controllers\Maps.php(13): view('map/leaflet')
#5 C:\xampp\htdocs\gmaps\system\CodeIgniter.php(832): App\Controllers\Maps->leaflet()
#6 C:\xampp\htdocs\gmaps\system\CodeIgniter.php(419): CodeIgniter\CodeIgniter->runController(Object(App\Controllers\Maps))
#7 C:\xampp\htdocs\gmaps\system\CodeIgniter.php(326): CodeIgniter\CodeIgniter->handleRequest(NULL, Object(Config\Cache), false)
#8 C:\xampp\htdocs\gmaps\public\index.php(37): CodeIgniter\CodeIgniter->run()
#9 {main}
CRITICAL - 2022-04-21 19:19:44 --> Invalid argument supplied for foreach()
#0 C:\xampp\htdocs\gmaps\app\Views\map\leaflet.php(66): CodeIgniter\Debug\Exceptions->errorHandler(2, 'Invalid argumen...', 'C:\\xampp\\htdocs...', 66, Array)
#1 C:\xampp\htdocs\gmaps\system\View\View.php(210): include('C:\\xampp\\htdocs...')
#2 C:\xampp\htdocs\gmaps\system\View\View.php(213): CodeIgniter\View\View->CodeIgniter\View\{closure}()
#3 C:\xampp\htdocs\gmaps\system\Common.php(1089): CodeIgniter\View\View->render('map/leaflet', Array, true)
#4 C:\xampp\htdocs\gmaps\app\Controllers\Maps.php(13): view('map/leaflet')
#5 C:\xampp\htdocs\gmaps\system\CodeIgniter.php(832): App\Controllers\Maps->leaflet()
#6 C:\xampp\htdocs\gmaps\system\CodeIgniter.php(419): CodeIgniter\CodeIgniter->runController(Object(App\Controllers\Maps))
#7 C:\xampp\htdocs\gmaps\system\CodeIgniter.php(326): CodeIgniter\CodeIgniter->handleRequest(NULL, Object(Config\Cache), false)
#8 C:\xampp\htdocs\gmaps\public\index.php(37): CodeIgniter\CodeIgniter->run()
#9 {main}
CRITICAL - 2022-04-21 19:19:46 --> Invalid argument supplied for foreach()
#0 C:\xampp\htdocs\gmaps\app\Views\map\leaflet.php(66): CodeIgniter\Debug\Exceptions->errorHandler(2, 'Invalid argumen...', 'C:\\xampp\\htdocs...', 66, Array)
#1 C:\xampp\htdocs\gmaps\system\View\View.php(210): include('C:\\xampp\\htdocs...')
#2 C:\xampp\htdocs\gmaps\system\View\View.php(213): CodeIgniter\View\View->CodeIgniter\View\{closure}()
#3 C:\xampp\htdocs\gmaps\system\Common.php(1089): CodeIgniter\View\View->render('map/leaflet', Array, true)
#4 C:\xampp\htdocs\gmaps\app\Controllers\Maps.php(13): view('map/leaflet')
#5 C:\xampp\htdocs\gmaps\system\CodeIgniter.php(832): App\Controllers\Maps->leaflet()
#6 C:\xampp\htdocs\gmaps\system\CodeIgniter.php(419): CodeIgniter\CodeIgniter->runController(Object(App\Controllers\Maps))
#7 C:\xampp\htdocs\gmaps\system\CodeIgniter.php(326): CodeIgniter\CodeIgniter->handleRequest(NULL, Object(Config\Cache), false)
#8 C:\xampp\htdocs\gmaps\public\index.php(37): CodeIgniter\CodeIgniter->run()
#9 {main}
CRITICAL - 2022-04-21 19:19:46 --> Invalid argument supplied for foreach()
#0 C:\xampp\htdocs\gmaps\app\Views\map\leaflet.php(66): CodeIgniter\Debug\Exceptions->errorHandler(2, 'Invalid argumen...', 'C:\\xampp\\htdocs...', 66, Array)
#1 C:\xampp\htdocs\gmaps\system\View\View.php(210): include('C:\\xampp\\htdocs...')
#2 C:\xampp\htdocs\gmaps\system\View\View.php(213): CodeIgniter\View\View->CodeIgniter\View\{closure}()
#3 C:\xampp\htdocs\gmaps\system\Common.php(1089): CodeIgniter\View\View->render('map/leaflet', Array, true)
#4 C:\xampp\htdocs\gmaps\app\Controllers\Maps.php(13): view('map/leaflet')
#5 C:\xampp\htdocs\gmaps\system\CodeIgniter.php(832): App\Controllers\Maps->leaflet()
#6 C:\xampp\htdocs\gmaps\system\CodeIgniter.php(419): CodeIgniter\CodeIgniter->runController(Object(App\Controllers\Maps))
#7 C:\xampp\htdocs\gmaps\system\CodeIgniter.php(326): CodeIgniter\CodeIgniter->handleRequest(NULL, Object(Config\Cache), false)
#8 C:\xampp\htdocs\gmaps\public\index.php(37): CodeIgniter\CodeIgniter->run()
#9 {main}
CRITICAL - 2022-04-21 19:20:46 --> Invalid argument supplied for foreach()
#0 C:\xampp\htdocs\gmaps\app\Views\map\leaflet.php(66): CodeIgniter\Debug\Exceptions->errorHandler(2, 'Invalid argumen...', 'C:\\xampp\\htdocs...', 66, Array)
#1 C:\xampp\htdocs\gmaps\system\View\View.php(210): include('C:\\xampp\\htdocs...')
#2 C:\xampp\htdocs\gmaps\system\View\View.php(213): CodeIgniter\View\View->CodeIgniter\View\{closure}()
#3 C:\xampp\htdocs\gmaps\system\Common.php(1089): CodeIgniter\View\View->render('map/leaflet', Array, true)
#4 C:\xampp\htdocs\gmaps\app\Controllers\Maps.php(13): view('map/leaflet')
#5 C:\xampp\htdocs\gmaps\system\CodeIgniter.php(832): App\Controllers\Maps->leaflet()
#6 C:\xampp\htdocs\gmaps\system\CodeIgniter.php(419): CodeIgniter\CodeIgniter->runController(Object(App\Controllers\Maps))
#7 C:\xampp\htdocs\gmaps\system\CodeIgniter.php(326): CodeIgniter\CodeIgniter->handleRequest(NULL, Object(Config\Cache), false)
#8 C:\xampp\htdocs\gmaps\public\index.php(37): CodeIgniter\CodeIgniter->run()
#9 {main}
CRITICAL - 2022-04-21 19:20:50 --> Invalid argument supplied for foreach()
#0 C:\xampp\htdocs\gmaps\app\Views\map\leaflet.php(66): CodeIgniter\Debug\Exceptions->errorHandler(2, 'Invalid argumen...', 'C:\\xampp\\htdocs...', 66, Array)
#1 C:\xampp\htdocs\gmaps\system\View\View.php(210): include('C:\\xampp\\htdocs...')
#2 C:\xampp\htdocs\gmaps\system\View\View.php(213): CodeIgniter\View\View->CodeIgniter\View\{closure}()
#3 C:\xampp\htdocs\gmaps\system\Common.php(1089): CodeIgniter\View\View->render('map/leaflet', Array, true)
#4 C:\xampp\htdocs\gmaps\app\Controllers\Maps.php(13): view('map/leaflet')
#5 C:\xampp\htdocs\gmaps\system\CodeIgniter.php(832): App\Controllers\Maps->leaflet()
#6 C:\xampp\htdocs\gmaps\system\CodeIgniter.php(419): CodeIgniter\CodeIgniter->runController(Object(App\Controllers\Maps))
#7 C:\xampp\htdocs\gmaps\system\CodeIgniter.php(326): CodeIgniter\CodeIgniter->handleRequest(NULL, Object(Config\Cache), false)
#8 C:\xampp\htdocs\gmaps\public\index.php(37): CodeIgniter\CodeIgniter->run()
#9 {main}
CRITICAL - 2022-04-21 19:21:08 --> Invalid argument supplied for foreach()
#0 C:\xampp\htdocs\gmaps\app\Views\map\leaflet.php(66): CodeIgniter\Debug\Exceptions->errorHandler(2, 'Invalid argumen...', 'C:\\xampp\\htdocs...', 66, Array)
#1 C:\xampp\htdocs\gmaps\system\View\View.php(210): include('C:\\xampp\\htdocs...')
#2 C:\xampp\htdocs\gmaps\system\View\View.php(213): CodeIgniter\View\View->CodeIgniter\View\{closure}()
#3 C:\xampp\htdocs\gmaps\system\Common.php(1089): CodeIgniter\View\View->render('map/leaflet', Array, true)
#4 C:\xampp\htdocs\gmaps\app\Controllers\Maps.php(13): view('map/leaflet')
#5 C:\xampp\htdocs\gmaps\system\CodeIgniter.php(832): App\Controllers\Maps->leaflet()
#6 C:\xampp\htdocs\gmaps\system\CodeIgniter.php(419): CodeIgniter\CodeIgniter->runController(Object(App\Controllers\Maps))
#7 C:\xampp\htdocs\gmaps\system\CodeIgniter.php(326): CodeIgniter\CodeIgniter->handleRequest(NULL, Object(Config\Cache), false)
#8 C:\xampp\htdocs\gmaps\public\index.php(37): CodeIgniter\CodeIgniter->run()
#9 {main}
CRITICAL - 2022-04-21 19:21:09 --> Invalid argument supplied for foreach()
#0 C:\xampp\htdocs\gmaps\app\Views\map\leaflet.php(66): CodeIgniter\Debug\Exceptions->errorHandler(2, 'Invalid argumen...', 'C:\\xampp\\htdocs...', 66, Array)
#1 C:\xampp\htdocs\gmaps\system\View\View.php(210): include('C:\\xampp\\htdocs...')
#2 C:\xampp\htdocs\gmaps\system\View\View.php(213): CodeIgniter\View\View->CodeIgniter\View\{closure}()
#3 C:\xampp\htdocs\gmaps\system\Common.php(1089): CodeIgniter\View\View->render('map/leaflet', Array, true)
#4 C:\xampp\htdocs\gmaps\app\Controllers\Maps.php(13): view('map/leaflet')
#5 C:\xampp\htdocs\gmaps\system\CodeIgniter.php(832): App\Controllers\Maps->leaflet()
#6 C:\xampp\htdocs\gmaps\system\CodeIgniter.php(419): CodeIgniter\CodeIgniter->runController(Object(App\Controllers\Maps))
#7 C:\xampp\htdocs\gmaps\system\CodeIgniter.php(326): CodeIgniter\CodeIgniter->handleRequest(NULL, Object(Config\Cache), false)
#8 C:\xampp\htdocs\gmaps\public\index.php(37): CodeIgniter\CodeIgniter->run()
#9 {main}
CRITICAL - 2022-04-21 19:21:12 --> Invalid argument supplied for foreach()
#0 C:\xampp\htdocs\gmaps\app\Views\map\leaflet.php(66): CodeIgniter\Debug\Exceptions->errorHandler(2, 'Invalid argumen...', 'C:\\xampp\\htdocs...', 66, Array)
#1 C:\xampp\htdocs\gmaps\system\View\View.php(210): include('C:\\xampp\\htdocs...')
#2 C:\xampp\htdocs\gmaps\system\View\View.php(213): CodeIgniter\View\View->CodeIgniter\View\{closure}()
#3 C:\xampp\htdocs\gmaps\system\Common.php(1089): CodeIgniter\View\View->render('map/leaflet', Array, true)
#4 C:\xampp\htdocs\gmaps\app\Controllers\Maps.php(13): view('map/leaflet')
#5 C:\xampp\htdocs\gmaps\system\CodeIgniter.php(832): App\Controllers\Maps->leaflet()
#6 C:\xampp\htdocs\gmaps\system\CodeIgniter.php(419): CodeIgniter\CodeIgniter->runController(Object(App\Controllers\Maps))
#7 C:\xampp\htdocs\gmaps\system\CodeIgniter.php(326): CodeIgniter\CodeIgniter->handleRequest(NULL, Object(Config\Cache), false)
#8 C:\xampp\htdocs\gmaps\public\index.php(37): CodeIgniter\CodeIgniter->run()
#9 {main}
CRITICAL - 2022-04-21 19:21:32 --> Invalid argument supplied for foreach()
#0 C:\xampp\htdocs\gmaps\app\Views\map\leaflet.php(66): CodeIgniter\Debug\Exceptions->errorHandler(2, 'Invalid argumen...', 'C:\\xampp\\htdocs...', 66, Array)
#1 C:\xampp\htdocs\gmaps\system\View\View.php(210): include('C:\\xampp\\htdocs...')
#2 C:\xampp\htdocs\gmaps\system\View\View.php(213): CodeIgniter\View\View->CodeIgniter\View\{closure}()
#3 C:\xampp\htdocs\gmaps\system\Common.php(1089): CodeIgniter\View\View->render('map/leaflet', Array, true)
#4 C:\xampp\htdocs\gmaps\app\Controllers\Maps.php(13): view('map/leaflet')
#5 C:\xampp\htdocs\gmaps\system\CodeIgniter.php(832): App\Controllers\Maps->leaflet()
#6 C:\xampp\htdocs\gmaps\system\CodeIgniter.php(419): CodeIgniter\CodeIgniter->runController(Object(App\Controllers\Maps))
#7 C:\xampp\htdocs\gmaps\system\CodeIgniter.php(326): CodeIgniter\CodeIgniter->handleRequest(NULL, Object(Config\Cache), false)
#8 C:\xampp\htdocs\gmaps\public\index.php(37): CodeIgniter\CodeIgniter->run()
#9 {main}
CRITICAL - 2022-04-21 19:21:37 --> Invalid argument supplied for foreach()
#0 C:\xampp\htdocs\gmaps\app\Views\map\leaflet.php(66): CodeIgniter\Debug\Exceptions->errorHandler(2, 'Invalid argumen...', 'C:\\xampp\\htdocs...', 66, Array)
#1 C:\xampp\htdocs\gmaps\system\View\View.php(210): include('C:\\xampp\\htdocs...')
#2 C:\xampp\htdocs\gmaps\system\View\View.php(213): CodeIgniter\View\View->CodeIgniter\View\{closure}()
#3 C:\xampp\htdocs\gmaps\system\Common.php(1089): CodeIgniter\View\View->render('map/leaflet', Array, true)
#4 C:\xampp\htdocs\gmaps\app\Controllers\Maps.php(13): view('map/leaflet')
#5 C:\xampp\htdocs\gmaps\system\CodeIgniter.php(832): App\Controllers\Maps->leaflet()
#6 C:\xampp\htdocs\gmaps\system\CodeIgniter.php(419): CodeIgniter\CodeIgniter->runController(Object(App\Controllers\Maps))
#7 C:\xampp\htdocs\gmaps\system\CodeIgniter.php(326): CodeIgniter\CodeIgniter->handleRequest(NULL, Object(Config\Cache), false)
#8 C:\xampp\htdocs\gmaps\public\index.php(37): CodeIgniter\CodeIgniter->run()
#9 {main}
CRITICAL - 2022-04-21 19:21:40 --> Invalid argument supplied for foreach()
#0 C:\xampp\htdocs\gmaps\app\Views\map\leaflet.php(66): CodeIgniter\Debug\Exceptions->errorHandler(2, 'Invalid argumen...', 'C:\\xampp\\htdocs...', 66, Array)
#1 C:\xampp\htdocs\gmaps\system\View\View.php(210): include('C:\\xampp\\htdocs...')
#2 C:\xampp\htdocs\gmaps\system\View\View.php(213): CodeIgniter\View\View->CodeIgniter\View\{closure}()
#3 C:\xampp\htdocs\gmaps\system\Common.php(1089): CodeIgniter\View\View->render('map/leaflet', Array, true)
#4 C:\xampp\htdocs\gmaps\app\Controllers\Maps.php(13): view('map/leaflet')
#5 C:\xampp\htdocs\gmaps\system\CodeIgniter.php(832): App\Controllers\Maps->leaflet()
#6 C:\xampp\htdocs\gmaps\system\CodeIgniter.php(419): CodeIgniter\CodeIgniter->runController(Object(App\Controllers\Maps))
#7 C:\xampp\htdocs\gmaps\system\CodeIgniter.php(326): CodeIgniter\CodeIgniter->handleRequest(NULL, Object(Config\Cache), false)
#8 C:\xampp\htdocs\gmaps\public\index.php(37): CodeIgniter\CodeIgniter->run()
#9 {main}
CRITICAL - 2022-04-21 19:22:25 --> Invalid argument supplied for foreach()
#0 C:\xampp\htdocs\gmaps\app\Views\map\leaflet.php(66): CodeIgniter\Debug\Exceptions->errorHandler(2, 'Invalid argumen...', 'C:\\xampp\\htdocs...', 66, Array)
#1 C:\xampp\htdocs\gmaps\system\View\View.php(210): include('C:\\xampp\\htdocs...')
#2 C:\xampp\htdocs\gmaps\system\View\View.php(213): CodeIgniter\View\View->CodeIgniter\View\{closure}()
#3 C:\xampp\htdocs\gmaps\system\Common.php(1089): CodeIgniter\View\View->render('map/leaflet', Array, true)
#4 C:\xampp\htdocs\gmaps\app\Controllers\Maps.php(13): view('map/leaflet')
#5 C:\xampp\htdocs\gmaps\system\CodeIgniter.php(832): App\Controllers\Maps->leaflet()
#6 C:\xampp\htdocs\gmaps\system\CodeIgniter.php(419): CodeIgniter\CodeIgniter->runController(Object(App\Controllers\Maps))
#7 C:\xampp\htdocs\gmaps\system\CodeIgniter.php(326): CodeIgniter\CodeIgniter->handleRequest(NULL, Object(Config\Cache), false)
#8 C:\xampp\htdocs\gmaps\public\index.php(37): CodeIgniter\CodeIgniter->run()
#9 {main}
CRITICAL - 2022-04-21 19:22:33 --> Invalid argument supplied for foreach()
#0 C:\xampp\htdocs\gmaps\app\Views\map\leaflet.php(66): CodeIgniter\Debug\Exceptions->errorHandler(2, 'Invalid argumen...', 'C:\\xampp\\htdocs...', 66, Array)
#1 C:\xampp\htdocs\gmaps\system\View\View.php(210): include('C:\\xampp\\htdocs...')
#2 C:\xampp\htdocs\gmaps\system\View\View.php(213): CodeIgniter\View\View->CodeIgniter\View\{closure}()
#3 C:\xampp\htdocs\gmaps\system\Common.php(1089): CodeIgniter\View\View->render('map/leaflet', Array, true)
#4 C:\xampp\htdocs\gmaps\app\Controllers\Maps.php(13): view('map/leaflet')
#5 C:\xampp\htdocs\gmaps\system\CodeIgniter.php(832): App\Controllers\Maps->leaflet()
#6 C:\xampp\htdocs\gmaps\system\CodeIgniter.php(419): CodeIgniter\CodeIgniter->runController(Object(App\Controllers\Maps))
#7 C:\xampp\htdocs\gmaps\system\CodeIgniter.php(326): CodeIgniter\CodeIgniter->handleRequest(NULL, Object(Config\Cache), false)
#8 C:\xampp\htdocs\gmaps\public\index.php(37): CodeIgniter\CodeIgniter->run()
#9 {main}
CRITICAL - 2022-04-21 19:22:42 --> Invalid argument supplied for foreach()
#0 C:\xampp\htdocs\gmaps\app\Views\map\leaflet.php(66): CodeIgniter\Debug\Exceptions->errorHandler(2, 'Invalid argumen...', 'C:\\xampp\\htdocs...', 66, Array)
#1 C:\xampp\htdocs\gmaps\system\View\View.php(210): include('C:\\xampp\\htdocs...')
#2 C:\xampp\htdocs\gmaps\system\View\View.php(213): CodeIgniter\View\View->CodeIgniter\View\{closure}()
#3 C:\xampp\htdocs\gmaps\system\Common.php(1089): CodeIgniter\View\View->render('map/leaflet', Array, true)
#4 C:\xampp\htdocs\gmaps\app\Controllers\Sensor.php(24): view('map/leaflet', Array)
#5 C:\xampp\htdocs\gmaps\system\CodeIgniter.php(832): App\Controllers\Sensor->map()
#6 C:\xampp\htdocs\gmaps\system\CodeIgniter.php(419): CodeIgniter\CodeIgniter->runController(Object(App\Controllers\Sensor))
#7 C:\xampp\htdocs\gmaps\system\CodeIgniter.php(326): CodeIgniter\CodeIgniter->handleRequest(NULL, Object(Config\Cache), false)
#8 C:\xampp\htdocs\gmaps\public\index.php(37): CodeIgniter\CodeIgniter->run()
#9 {main}
CRITICAL - 2022-04-21 19:23:59 --> Invalid argument supplied for foreach()
#0 C:\xampp\htdocs\gmaps\app\Views\map\leaflet.php(66): CodeIgniter\Debug\Exceptions->errorHandler(2, 'Invalid argumen...', 'C:\\xampp\\htdocs...', 66, Array)
#1 C:\xampp\htdocs\gmaps\system\View\View.php(210): include('C:\\xampp\\htdocs...')
#2 C:\xampp\htdocs\gmaps\system\View\View.php(213): CodeIgniter\View\View->CodeIgniter\View\{closure}()
#3 C:\xampp\htdocs\gmaps\system\Common.php(1089): CodeIgniter\View\View->render('map/leaflet', Array, true)
#4 C:\xampp\htdocs\gmaps\app\Controllers\Sensor.php(24): view('map/leaflet', Array)
#5 C:\xampp\htdocs\gmaps\system\CodeIgniter.php(832): App\Controllers\Sensor->map()
#6 C:\xampp\htdocs\gmaps\system\CodeIgniter.php(419): CodeIgniter\CodeIgniter->runController(Object(App\Controllers\Sensor))
#7 C:\xampp\htdocs\gmaps\system\CodeIgniter.php(326): CodeIgniter\CodeIgniter->handleRequest(NULL, Object(Config\Cache), false)
#8 C:\xampp\htdocs\gmaps\public\index.php(37): CodeIgniter\CodeIgniter->run()
#9 {main}
CRITICAL - 2022-04-21 19:24:03 --> Invalid argument supplied for foreach()
#0 C:\xampp\htdocs\gmaps\app\Views\map\leaflet.php(66): CodeIgniter\Debug\Exceptions->errorHandler(2, 'Invalid argumen...', 'C:\\xampp\\htdocs...', 66, Array)
#1 C:\xampp\htdocs\gmaps\system\View\View.php(210): include('C:\\xampp\\htdocs...')
#2 C:\xampp\htdocs\gmaps\system\View\View.php(213): CodeIgniter\View\View->CodeIgniter\View\{closure}()
#3 C:\xampp\htdocs\gmaps\system\Common.php(1089): CodeIgniter\View\View->render('map/leaflet', Array, true)
#4 C:\xampp\htdocs\gmaps\app\Controllers\Sensor.php(24): view('map/leaflet', Array)
#5 C:\xampp\htdocs\gmaps\system\CodeIgniter.php(832): App\Controllers\Sensor->map()
#6 C:\xampp\htdocs\gmaps\system\CodeIgniter.php(419): CodeIgniter\CodeIgniter->runController(Object(App\Controllers\Sensor))
#7 C:\xampp\htdocs\gmaps\system\CodeIgniter.php(326): CodeIgniter\CodeIgniter->handleRequest(NULL, Object(Config\Cache), false)
#8 C:\xampp\htdocs\gmaps\public\index.php(37): CodeIgniter\CodeIgniter->run()
#9 {main}
CRITICAL - 2022-04-21 19:25:48 --> Invalid argument supplied for foreach()
#0 C:\xampp\htdocs\gmaps\app\Views\map\leaflet.php(66): CodeIgniter\Debug\Exceptions->errorHandler(2, 'Invalid argumen...', 'C:\\xampp\\htdocs...', 66, Array)
#1 C:\xampp\htdocs\gmaps\system\View\View.php(210): include('C:\\xampp\\htdocs...')
#2 C:\xampp\htdocs\gmaps\system\View\View.php(213): CodeIgniter\View\View->CodeIgniter\View\{closure}()
#3 C:\xampp\htdocs\gmaps\system\Common.php(1089): CodeIgniter\View\View->render('map/leaflet', Array, true)
#4 C:\xampp\htdocs\gmaps\app\Controllers\Maps.php(13): view('map/leaflet')
#5 C:\xampp\htdocs\gmaps\system\CodeIgniter.php(832): App\Controllers\Maps->leaflet()
#6 C:\xampp\htdocs\gmaps\system\CodeIgniter.php(419): CodeIgniter\CodeIgniter->runController(Object(App\Controllers\Maps))
#7 C:\xampp\htdocs\gmaps\system\CodeIgniter.php(326): CodeIgniter\CodeIgniter->handleRequest(NULL, Object(Config\Cache), false)
#8 C:\xampp\htdocs\gmaps\public\index.php(37): CodeIgniter\CodeIgniter->run()
#9 {main}
CRITICAL - 2022-04-21 19:25:50 --> Use of undefined constant query - assumed 'query' (this will throw an Error in a future version of PHP)
#0 C:\xampp\htdocs\gmaps\app\Views\map\gis.php(51): CodeIgniter\Debug\Exceptions->errorHandler(2, 'Use of undefine...', 'C:\\xampp\\htdocs...', 51, Array)
#1 C:\xampp\htdocs\gmaps\system\View\View.php(210): include('C:\\xampp\\htdocs...')
#2 C:\xampp\htdocs\gmaps\system\View\View.php(213): CodeIgniter\View\View->CodeIgniter\View\{closure}()
#3 C:\xampp\htdocs\gmaps\system\Common.php(1089): CodeIgniter\View\View->render('map/gis', Array, true)
#4 C:\xampp\htdocs\gmaps\app\Controllers\Maps.php(17): view('map/gis')
#5 C:\xampp\htdocs\gmaps\system\CodeIgniter.php(832): App\Controllers\Maps->gis()
#6 C:\xampp\htdocs\gmaps\system\CodeIgniter.php(419): CodeIgniter\CodeIgniter->runController(Object(App\Controllers\Maps))
#7 C:\xampp\htdocs\gmaps\system\CodeIgniter.php(326): CodeIgniter\CodeIgniter->handleRequest(NULL, Object(Config\Cache), false)
#8 C:\xampp\htdocs\gmaps\public\index.php(37): CodeIgniter\CodeIgniter->run()
#9 {main}
CRITICAL - 2022-04-21 19:28:03 --> Invalid argument supplied for foreach()
#0 C:\xampp\htdocs\gmaps\app\Views\map\leaflet.php(66): CodeIgniter\Debug\Exceptions->errorHandler(2, 'Invalid argumen...', 'C:\\xampp\\htdocs...', 66, Array)
#1 C:\xampp\htdocs\gmaps\system\View\View.php(210): include('C:\\xampp\\htdocs...')
#2 C:\xampp\htdocs\gmaps\system\View\View.php(213): CodeIgniter\View\View->CodeIgniter\View\{closure}()
#3 C:\xampp\htdocs\gmaps\system\Common.php(1089): CodeIgniter\View\View->render('map/leaflet', Array, true)
#4 C:\xampp\htdocs\gmaps\app\Controllers\Maps.php(13): view('map/leaflet')
#5 C:\xampp\htdocs\gmaps\system\CodeIgniter.php(832): App\Controllers\Maps->leaflet()
#6 C:\xampp\htdocs\gmaps\system\CodeIgniter.php(419): CodeIgniter\CodeIgniter->runController(Object(App\Controllers\Maps))
#7 C:\xampp\htdocs\gmaps\system\CodeIgniter.php(326): CodeIgniter\CodeIgniter->handleRequest(NULL, Object(Config\Cache), false)
#8 C:\xampp\htdocs\gmaps\public\index.php(37): CodeIgniter\CodeIgniter->run()
#9 {main}
CRITICAL - 2022-04-21 19:28:23 --> Invalid argument supplied for foreach()
#0 C:\xampp\htdocs\gmaps\app\Views\map\leaflet.php(66): CodeIgniter\Debug\Exceptions->errorHandler(2, 'Invalid argumen...', 'C:\\xampp\\htdocs...', 66, Array)
#1 C:\xampp\htdocs\gmaps\system\View\View.php(210): include('C:\\xampp\\htdocs...')
#2 C:\xampp\htdocs\gmaps\system\View\View.php(213): CodeIgniter\View\View->CodeIgniter\View\{closure}()
#3 C:\xampp\htdocs\gmaps\system\Common.php(1089): CodeIgniter\View\View->render('map/leaflet', Array, true)
#4 C:\xampp\htdocs\gmaps\app\Controllers\Maps.php(13): view('map/leaflet')
#5 C:\xampp\htdocs\gmaps\system\CodeIgniter.php(832): App\Controllers\Maps->leaflet()
#6 C:\xampp\htdocs\gmaps\system\CodeIgniter.php(419): CodeIgniter\CodeIgniter->runController(Object(App\Controllers\Maps))
#7 C:\xampp\htdocs\gmaps\system\CodeIgniter.php(326): CodeIgniter\CodeIgniter->handleRequest(NULL, Object(Config\Cache), false)
#8 C:\xampp\htdocs\gmaps\public\index.php(37): CodeIgniter\CodeIgniter->run()
#9 {main}
CRITICAL - 2022-04-21 19:28:24 --> Invalid argument supplied for foreach()
#0 C:\xampp\htdocs\gmaps\app\Views\map\leaflet.php(66): CodeIgniter\Debug\Exceptions->errorHandler(2, 'Invalid argumen...', 'C:\\xampp\\htdocs...', 66, Array)
#1 C:\xampp\htdocs\gmaps\system\View\View.php(210): include('C:\\xampp\\htdocs...')
#2 C:\xampp\htdocs\gmaps\system\View\View.php(213): CodeIgniter\View\View->CodeIgniter\View\{closure}()
#3 C:\xampp\htdocs\gmaps\system\Common.php(1089): CodeIgniter\View\View->render('map/leaflet', Array, true)
#4 C:\xampp\htdocs\gmaps\app\Controllers\Maps.php(13): view('map/leaflet')
#5 C:\xampp\htdocs\gmaps\system\CodeIgniter.php(832): App\Controllers\Maps->leaflet()
#6 C:\xampp\htdocs\gmaps\system\CodeIgniter.php(419): CodeIgniter\CodeIgniter->runController(Object(App\Controllers\Maps))
#7 C:\xampp\htdocs\gmaps\system\CodeIgniter.php(326): CodeIgniter\CodeIgniter->handleRequest(NULL, Object(Config\Cache), false)
#8 C:\xampp\htdocs\gmaps\public\index.php(37): CodeIgniter\CodeIgniter->run()
#9 {main}
ERROR - 2022-04-21 19:38:09 --> Error connecting to the database: No connection could be made because the target machine actively refused it.

CRITICAL - 2022-04-21 19:38:09 --> Unable to connect to the database.
Main connection [MySQLi]: No connection could be made because the target machine actively refused it.

#0 C:\xampp\htdocs\gmaps\system\Database\BaseConnection.php(577): CodeIgniter\Database\BaseConnection->initialize()
#1 C:\xampp\htdocs\gmaps\system\Database\BaseBuilder.php(1455): CodeIgniter\Database\BaseConnection->query('SELECT *\nFROM `...', Array, false)
#2 C:\xampp\htdocs\gmaps\app\Controllers\Sensor.php(10): CodeIgniter\Database\BaseBuilder->get()
#3 C:\xampp\htdocs\gmaps\system\CodeIgniter.php(832): App\Controllers\Sensor->index()
#4 C:\xampp\htdocs\gmaps\system\CodeIgniter.php(419): CodeIgniter\CodeIgniter->runController(Object(App\Controllers\Sensor))
#5 C:\xampp\htdocs\gmaps\system\CodeIgniter.php(326): CodeIgniter\CodeIgniter->handleRequest(NULL, Object(Config\Cache), false)
#6 C:\xampp\htdocs\gmaps\public\index.php(37): CodeIgniter\CodeIgniter->run()
#7 {main}
CRITICAL - 2022-04-21 19:38:09 --> Uncaught ErrorException: print_r(): Property access is not allowed yet in C:\xampp\htdocs\gmaps\app\Views\errors\html\error_exception.php:96
Stack trace:
#0 [internal function]: CodeIgniter\Debug\Exceptions->errorHandler(2, 'print_r(): Prop...', 'C:\\xampp\\htdocs...', 96, Array)
#1 C:\xampp\htdocs\gmaps\app\Views\errors\html\error_exception.php(96): print_r(Object(App\Controllers\Sensor), true)
#2 C:\xampp\htdocs\gmaps\system\Debug\Exceptions.php(234): include('C:\\xampp\\htdocs...')
#3 C:\xampp\htdocs\gmaps\system\Debug\Exceptions.php(237): CodeIgniter\Debug\Exceptions->CodeIgniter\Debug\{closure}()
#4 C:\xampp\htdocs\gmaps\system\Debug\Exceptions.php(121): CodeIgniter\Debug\Exceptions->render(Object(CodeIgniter\Database\Exceptions\DatabaseException), 500)
#5 [internal function]: CodeIgniter\Debug\Exceptions->exceptionHandler(Object(CodeIgniter\Database\Exceptions\DatabaseException))
#6 {main}
  thrown
#0 [internal function]: CodeIgniter\Debug\Exceptions->shutdownHandler()
#1 {main}
